Determining if the off_t exist failed with the following output:
Change Dir: /home/doeringc/workspace/rust/vulkan-rt/renderer/target/debug/build/expat-sys-9cb020c72adfc025/out/build/CMakeFiles/CMakeScratch/TryCompile-FPFSMC

Run Build Command(s):/usr/bin/gmake -f Makefile cmTC_acab2/fast && /usr/bin/gmake  -f CMakeFiles/cmTC_acab2.dir/build.make CMakeFiles/cmTC_acab2.dir/build
gmake[1]: Entering directory '/home/doeringc/workspace/rust/vulkan-rt/renderer/target/debug/build/expat-sys-9cb020c72adfc025/out/build/CMakeFiles/CMakeScratch/TryCompile-FPFSMC'
Building C object CMakeFiles/cmTC_acab2.dir/CheckSymbolExists.c.o
/usr/bin/cc   -ffunction-sections -fdata-sections -fPIC -m64  -o CMakeFiles/cmTC_acab2.dir/CheckSymbolExists.c.o -c /home/doeringc/workspace/rust/vulkan-rt/renderer/target/debug/build/expat-sys-9cb020c72adfc025/out/build/CMakeFiles/CMakeScratch/TryCompile-FPFSMC/CheckSymbolExists.c
/home/doeringc/workspace/rust/vulkan-rt/renderer/target/debug/build/expat-sys-9cb020c72adfc025/out/build/CMakeFiles/CMakeScratch/TryCompile-FPFSMC/CheckSymbolExists.c: In function ‘main’:
/home/doeringc/workspace/rust/vulkan-rt/renderer/target/debug/build/expat-sys-9cb020c72adfc025/out/build/CMakeFiles/CMakeScratch/TryCompile-FPFSMC/CheckSymbolExists.c:8:19: error: expected expression before ‘off_t’
    8 |   return ((int*)(&off_t))[argc];
      |                   ^~~~~
gmake[1]: *** [CMakeFiles/cmTC_acab2.dir/build.make:78: CMakeFiles/cmTC_acab2.dir/CheckSymbolExists.c.o] Error 1
gmake[1]: Leaving directory '/home/doeringc/workspace/rust/vulkan-rt/renderer/target/debug/build/expat-sys-9cb020c72adfc025/out/build/CMakeFiles/CMakeScratch/TryCompile-FPFSMC'
gmake: *** [Makefile:127: cmTC_acab2/fast] Error 2


File CheckSymbolExists.c:
/* */
#include <sys/types.h>

int main(int argc, char** argv)
{
  (void)argv;
#ifndef off_t
  return ((int*)(&off_t))[argc];
#else
  (void)argc;
  return 0;
#endif
}

Determining if the size_t exist failed with the following output:
Change Dir: /home/doeringc/workspace/rust/vulkan-rt/renderer/target/debug/build/expat-sys-9cb020c72adfc025/out/build/CMakeFiles/CMakeScratch/TryCompile-HCr1il

Run Build Command(s):/usr/bin/gmake -f Makefile cmTC_8e3e5/fast && /usr/bin/gmake  -f CMakeFiles/cmTC_8e3e5.dir/build.make CMakeFiles/cmTC_8e3e5.dir/build
gmake[1]: Entering directory '/home/doeringc/workspace/rust/vulkan-rt/renderer/target/debug/build/expat-sys-9cb020c72adfc025/out/build/CMakeFiles/CMakeScratch/TryCompile-HCr1il'
Building C object CMakeFiles/cmTC_8e3e5.dir/CheckSymbolExists.c.o
/usr/bin/cc   -ffunction-sections -fdata-sections -fPIC -m64  -o CMakeFiles/cmTC_8e3e5.dir/CheckSymbolExists.c.o -c /home/doeringc/workspace/rust/vulkan-rt/renderer/target/debug/build/expat-sys-9cb020c72adfc025/out/build/CMakeFiles/CMakeScratch/TryCompile-HCr1il/CheckSymbolExists.c
/home/doeringc/workspace/rust/vulkan-rt/renderer/target/debug/build/expat-sys-9cb020c72adfc025/out/build/CMakeFiles/CMakeScratch/TryCompile-HCr1il/CheckSymbolExists.c: In function ‘main’:
/home/doeringc/workspace/rust/vulkan-rt/renderer/target/debug/build/expat-sys-9cb020c72adfc025/out/build/CMakeFiles/CMakeScratch/TryCompile-HCr1il/CheckSymbolExists.c:8:19: error: expected expression before ‘size_t’
    8 |   return ((int*)(&size_t))[argc];
      |                   ^~~~~~
gmake[1]: *** [CMakeFiles/cmTC_8e3e5.dir/build.make:78: CMakeFiles/cmTC_8e3e5.dir/CheckSymbolExists.c.o] Error 1
gmake[1]: Leaving directory '/home/doeringc/workspace/rust/vulkan-rt/renderer/target/debug/build/expat-sys-9cb020c72adfc025/out/build/CMakeFiles/CMakeScratch/TryCompile-HCr1il'
gmake: *** [Makefile:127: cmTC_8e3e5/fast] Error 2


File CheckSymbolExists.c:
/* */
#include <sys/types.h>

int main(int argc, char** argv)
{
  (void)argv;
#ifndef size_t
  return ((int*)(&size_t))[argc];
#else
  (void)argc;
  return 0;
#endif
}

